<?xml version="1.0" encoding="UTF-8"?>
<testng-results ignored="0" total="1" passed="1" failed="0" skipped="0">
  <reporter-output>
    <line>
      <![CDATA[Browser is launched Successfully]]>
    </line>
    <line>
      <![CDATA[Browser is maximized Successfully]]>
    </line>
    <line>
      <![CDATA[Login Page  displayed successfully]]>
    </line>
    <line>
      <![CDATA[Successfully logged in to the application]]>
    </line>
    <line>
      <![CDATA[Successfully closed the browser]]>
    </line>
  </reporter-output>
  <suite started-at="2022-03-04T06:57:16 IST" name="Default suite" finished-at="2022-03-04T06:57:43 IST" duration-ms="26850">
    <groups>
    </groups>
    <test started-at="2022-03-04T06:57:16 IST" name="Default test" finished-at="2022-03-04T06:57:43 IST" duration-ms="26850">
      <class name="automationScripts.TC_003ComputersTest">
        <test-method is-config="true" signature="beforeClass(java.lang.String)[pri:0, instance:automationScripts.TC_003ComputersTest@1f97cf0d]" started-at="2022-03-04T06:57:16 IST" name="beforeClass" finished-at="2022-03-04T06:57:19 IST" duration-ms="3039" status="PASS">
          <params>
            <param index="0">
              <value>
                <![CDATA[chrome]]>
              </value>
            </param>
          </params>
          <reporter-output>
            <line>
              <![CDATA[Browser is launched Successfully]]>
            </line>
            <line>
              <![CDATA[Browser is maximized Successfully]]>
            </line>
          </reporter-output>
        </test-method> <!-- beforeClass -->
        <test-method is-config="true" signature="beforeMethod()[pri:0, instance:automationScripts.TC_003ComputersTest@1f97cf0d]" started-at="2022-03-04T06:57:19 IST" name="beforeMethod" finished-at="2022-03-04T06:57:30 IST" duration-ms="11119" status="PASS">
          <reporter-output>
            <line>
              <![CDATA[Login Page  displayed successfully]]>
            </line>
            <line>
              <![CDATA[Successfully logged in to the application]]>
            </line>
          </reporter-output>
        </test-method> <!-- beforeMethod -->
        <test-method signature="accessories()[pri:0, instance:automationScripts.TC_003ComputersTest@1f97cf0d]" started-at="2022-03-04T06:57:30 IST" name="accessories" finished-at="2022-03-04T06:57:42 IST" duration-ms="11824" status="PASS">
          <reporter-output>
          </reporter-output>
        </test-method> <!-- accessories -->
        <test-method is-config="true" signature="afterClass()[pri:0, instance:automationScripts.TC_003ComputersTest@1f97cf0d]" started-at="2022-03-04T06:57:42 IST" name="afterClass" finished-at="2022-03-04T06:57:43 IST" duration-ms="809" status="PASS">
          <reporter-output>
            <line>
              <![CDATA[Successfully closed the browser]]>
            </line>
          </reporter-output>
        </test-method> <!-- afterClass -->
      </class> <!-- automationScripts.TC_003ComputersTest -->
    </test> <!-- Default test -->
  </suite> <!-- Default suite -->
</testng-results>
