<?xml version="1.0" encoding="UTF-8"?>
<testng-results ignored="0" total="1" passed="1" failed="0" skipped="0">
  <reporter-output>
    <line>
      <![CDATA[Browser is launched Successfully]]>
    </line>
    <line>
      <![CDATA[Browser is maximized Successfully]]>
    </line>
    <line>
      <![CDATA[Login Page  displayed successfully]]>
    </line>
    <line>
      <![CDATA[Successfully logged in to the application]]>
    </line>
    <line>
      <![CDATA[Desktops page is displayed]]>
    </line>
    <line>
      <![CDATA[Successfully closed the browser]]>
    </line>
  </reporter-output>
  <suite started-at="2022-03-04T08:03:26 IST" name="Default suite" finished-at="2022-03-04T08:03:49 IST" duration-ms="23015">
    <groups>
    </groups>
    <test started-at="2022-03-04T08:03:26 IST" name="Default test" finished-at="2022-03-04T08:03:49 IST" duration-ms="23015">
      <class name="automationScripts.TC_001ComputersTest">
        <test-method is-config="true" signature="beforeClass(java.lang.String)[pri:0, instance:automationScripts.TC_001ComputersTest@1f97cf0d]" started-at="2022-03-04T08:03:26 IST" name="beforeClass" finished-at="2022-03-04T08:03:30 IST" duration-ms="3593" status="PASS">
          <params>
            <param index="0">
              <value>
                <![CDATA[chrome]]>
              </value>
            </param>
          </params>
          <reporter-output>
            <line>
              <![CDATA[Browser is launched Successfully]]>
            </line>
            <line>
              <![CDATA[Browser is maximized Successfully]]>
            </line>
          </reporter-output>
        </test-method> <!-- beforeClass -->
        <test-method is-config="true" signature="beforeMethod()[pri:0, instance:automationScripts.TC_001ComputersTest@1f97cf0d]" started-at="2022-03-04T08:03:30 IST" name="beforeMethod" finished-at="2022-03-04T08:03:40 IST" duration-ms="10295" status="PASS">
          <reporter-output>
            <line>
              <![CDATA[Login Page  displayed successfully]]>
            </line>
            <line>
              <![CDATA[Successfully logged in to the application]]>
            </line>
          </reporter-output>
        </test-method> <!-- beforeMethod -->
        <test-method signature="desktops()[pri:0, instance:automationScripts.TC_001ComputersTest@1f97cf0d]" started-at="2022-03-04T08:03:40 IST" name="desktops" finished-at="2022-03-04T08:03:49 IST" duration-ms="8226" status="PASS">
          <reporter-output>
            <line>
              <![CDATA[Desktops page is displayed]]>
            </line>
          </reporter-output>
        </test-method> <!-- desktops -->
        <test-method is-config="true" signature="afterClass()[pri:0, instance:automationScripts.TC_001ComputersTest@1f97cf0d]" started-at="2022-03-04T08:03:49 IST" name="afterClass" finished-at="2022-03-04T08:03:49 IST" duration-ms="841" status="PASS">
          <reporter-output>
            <line>
              <![CDATA[Successfully closed the browser]]>
            </line>
          </reporter-output>
        </test-method> <!-- afterClass -->
      </class> <!-- automationScripts.TC_001ComputersTest -->
    </test> <!-- Default test -->
  </suite> <!-- Default suite -->
</testng-results>
